<?xml version="1.0" encoding="UTF-8"?>
<testng-results skipped="0" failed="0" ignored="0" total="1" passed="1">
  <reporter-output>
  </reporter-output>
  <suite name="Default suite" duration-ms="44015" started-at="2022-01-03T15:52:41Z" finished-at="2022-01-03T15:53:25Z">
    <groups>
    </groups>
    <test name="Default test" duration-ms="44015" started-at="2022-01-03T15:52:41Z" finished-at="2022-01-03T15:53:25Z">
      <class name="runner.Testrunner">
        <test-method status="PASS" signature="run()[pri:0, instance:runner.Testrunner@28d25987]" name="run" duration-ms="43994" started-at="2022-01-03T21:22:41Z" finished-at="2022-01-03T21:23:25Z">
          <reporter-output>
          </reporter-output>
        </test-method> <!-- run -->
      </class> <!-- runner.Testrunner -->
    </test> <!-- Default test -->
  </suite> <!-- Default suite -->
</testng-results>
